[2024-04-14 06:36:19Z INFO HostContext] No proxy settings were found based on environmental variables (http_proxy/https_proxy/HTTP_PROXY/HTTPS_PROXY)
[2024-04-14 06:36:19Z INFO HostContext] Well known directory 'Bin': 'C:\Users\shadr\Documents\VISUAL STUDIO CODE PROJECTS\Shopping_cart\actions-runner\bin'
[2024-04-14 06:36:19Z INFO HostContext] Well known directory 'Root': 'C:\Users\shadr\Documents\VISUAL STUDIO CODE PROJECTS\Shopping_cart\actions-runner'
[2024-04-14 06:36:19Z INFO HostContext] Well known config file 'Credentials': 'C:\Users\shadr\Documents\VISUAL STUDIO CODE PROJECTS\Shopping_cart\actions-runner\.credentials'
[2024-04-14 06:36:20Z INFO HostContext] Well known directory 'Bin': 'C:\Users\shadr\Documents\VISUAL STUDIO CODE PROJECTS\Shopping_cart\actions-runner\bin'
[2024-04-14 06:36:20Z INFO HostContext] Well known directory 'Root': 'C:\Users\shadr\Documents\VISUAL STUDIO CODE PROJECTS\Shopping_cart\actions-runner'
[2024-04-14 06:36:20Z INFO HostContext] Well known config file 'Runner': 'C:\Users\shadr\Documents\VISUAL STUDIO CODE PROJECTS\Shopping_cart\actions-runner\.runner'
[2024-04-14 06:36:20Z INFO Listener] Runner is built for Windows (X64) - win-x64.
[2024-04-14 06:36:20Z INFO Listener] RuntimeInformation: Microsoft Windows 10.0.22000.
[2024-04-14 06:36:20Z INFO Listener] Version: 2.315.0
[2024-04-14 06:36:20Z INFO Listener] Commit: 86858e39e42e25e23332fea3ef7d459ff10f30f7
[2024-04-14 06:36:20Z INFO Listener] Culture: en-ZM
[2024-04-14 06:36:20Z INFO Listener] UI Culture: en-US
[2024-04-14 06:36:20Z INFO HostContext] Well known directory 'Bin': 'C:\Users\shadr\Documents\VISUAL STUDIO CODE PROJECTS\Shopping_cart\actions-runner\bin'
[2024-04-14 06:36:20Z INFO HostContext] Well known directory 'Root': 'C:\Users\shadr\Documents\VISUAL STUDIO CODE PROJECTS\Shopping_cart\actions-runner'
[2024-04-14 06:36:20Z INFO Listener] Validating directory permissions for: 'C:\Users\shadr\Documents\VISUAL STUDIO CODE PROJECTS\Shopping_cart\actions-runner'
[2024-04-14 06:36:20Z ERR  Terminal] WRITE ERROR: An error occurred: Permission to read the directory contents is required for 'C:\Users\shadr\Documents\VISUAL STUDIO CODE PROJECTS\Shopping_cart\actions-runner' and each directory up the hierarchy. Access to the path 'C:\Users\shadr\Documents\VISUAL STUDIO CODE PROJECTS\Shopping_cart' is denied.
[2024-04-14 06:36:20Z ERR  Listener] System.UnauthorizedAccessException: Permission to read the directory contents is required for 'C:\Users\shadr\Documents\VISUAL STUDIO CODE PROJECTS\Shopping_cart\actions-runner' and each directory up the hierarchy. Access to the path 'C:\Users\shadr\Documents\VISUAL STUDIO CODE PROJECTS\Shopping_cart' is denied.
 ---> System.UnauthorizedAccessException: Access to the path 'C:\Users\shadr\Documents\VISUAL STUDIO CODE PROJECTS\Shopping_cart' is denied.
   at System.IO.Enumeration.FileSystemEnumerator`1.CreateDirectoryHandle(String path, Boolean ignoreNotFound)
   at System.IO.Enumeration.FileSystemEnumerator`1.Init()
   at System.IO.Enumeration.FileSystemEnumerator`1..ctor(String directory, Boolean isNormalized, EnumerationOptions options)
   at System.IO.Enumeration.FileSystemEnumerable`1..ctor(String directory, FindTransform transform, EnumerationOptions options, Boolean isNormalized)
   at System.IO.Enumeration.FileSystemEnumerableFactory.UserEntries(String directory, String expression, EnumerationOptions options)
   at System.IO.Directory.InternalEnumeratePaths(String path, String searchPattern, SearchTarget searchTarget, EnumerationOptions options)
   at System.IO.Directory.EnumerateFileSystemEntries(String path)
   at GitHub.Runner.Sdk.IOUtil.ValidateExecutePermission(String directory)
   --- End of inner exception stack trace ---
   at GitHub.Runner.Sdk.IOUtil.ValidateExecutePermission(String directory)
   at GitHub.Runner.Listener.Program.MainAsync(IHostContext context, String[] args)
[2024-04-14 06:36:20Z ERR  Listener] #####################################################
[2024-04-14 06:36:20Z ERR  Listener] System.UnauthorizedAccessException: Access to the path 'C:\Users\shadr\Documents\VISUAL STUDIO CODE PROJECTS\Shopping_cart' is denied.
   at System.IO.Enumeration.FileSystemEnumerator`1.CreateDirectoryHandle(String path, Boolean ignoreNotFound)
   at System.IO.Enumeration.FileSystemEnumerator`1.Init()
   at System.IO.Enumeration.FileSystemEnumerator`1..ctor(String directory, Boolean isNormalized, EnumerationOptions options)
   at System.IO.Enumeration.FileSystemEnumerable`1..ctor(String directory, FindTransform transform, EnumerationOptions options, Boolean isNormalized)
   at System.IO.Enumeration.FileSystemEnumerableFactory.UserEntries(String directory, String expression, EnumerationOptions options)
   at System.IO.Directory.InternalEnumeratePaths(String path, String searchPattern, SearchTarget searchTarget, EnumerationOptions options)
   at System.IO.Directory.EnumerateFileSystemEntries(String path)
   at GitHub.Runner.Sdk.IOUtil.ValidateExecutePermission(String directory)
