[2024-04-14 06:35:11Z INFO HostContext] No proxy settings were found based on environmental variables (http_proxy/https_proxy/HTTP_PROXY/HTTPS_PROXY)
[2024-04-14 06:35:11Z INFO HostContext] Well known directory 'Bin': 'C:\Users\shadr\Documents\VISUAL STUDIO CODE PROJECTS\Shopping_cart\actions-runner\bin'
[2024-04-14 06:35:11Z INFO HostContext] Well known directory 'Root': 'C:\Users\shadr\Documents\VISUAL STUDIO CODE PROJECTS\Shopping_cart\actions-runner'
[2024-04-14 06:35:11Z INFO HostContext] Well known config file 'Credentials': 'C:\Users\shadr\Documents\VISUAL STUDIO CODE PROJECTS\Shopping_cart\actions-runner\.credentials'
[2024-04-14 06:35:11Z INFO HostContext] Well known directory 'Bin': 'C:\Users\shadr\Documents\VISUAL STUDIO CODE PROJECTS\Shopping_cart\actions-runner\bin'
[2024-04-14 06:35:11Z INFO HostContext] Well known directory 'Root': 'C:\Users\shadr\Documents\VISUAL STUDIO CODE PROJECTS\Shopping_cart\actions-runner'
[2024-04-14 06:35:11Z INFO HostContext] Well known config file 'Runner': 'C:\Users\shadr\Documents\VISUAL STUDIO CODE PROJECTS\Shopping_cart\actions-runner\.runner'
[2024-04-14 06:35:11Z INFO Listener] Runner is built for Windows (X64) - win-x64.
[2024-04-14 06:35:11Z INFO Listener] RuntimeInformation: Microsoft Windows 10.0.22000.
[2024-04-14 06:35:11Z INFO Listener] Version: 2.315.0
[2024-04-14 06:35:11Z INFO Listener] Commit: 86858e39e42e25e23332fea3ef7d459ff10f30f7
[2024-04-14 06:35:11Z INFO Listener] Culture: en-ZM
[2024-04-14 06:35:11Z INFO Listener] UI Culture: en-US
[2024-04-14 06:35:11Z INFO HostContext] Well known directory 'Bin': 'C:\Users\shadr\Documents\VISUAL STUDIO CODE PROJECTS\Shopping_cart\actions-runner\bin'
[2024-04-14 06:35:11Z INFO HostContext] Well known directory 'Root': 'C:\Users\shadr\Documents\VISUAL STUDIO CODE PROJECTS\Shopping_cart\actions-runner'
[2024-04-14 06:35:11Z INFO Listener] Validating directory permissions for: 'C:\Users\shadr\Documents\VISUAL STUDIO CODE PROJECTS\Shopping_cart\actions-runner'
[2024-04-14 06:35:11Z INFO CommandLineParser] Parse
[2024-04-14 06:35:11Z INFO CommandLineParser] Parsing 5 args
[2024-04-14 06:35:11Z INFO CommandLineParser] parsing argument
[2024-04-14 06:35:11Z INFO CommandLineParser] HasArgs: False
[2024-04-14 06:35:11Z INFO CommandLineParser] Adding Command: configure
[2024-04-14 06:35:11Z INFO CommandLineParser] parsing argument
[2024-04-14 06:35:11Z INFO CommandLineParser] HasArgs: True
[2024-04-14 06:35:11Z INFO CommandLineParser] arg: url
[2024-04-14 06:35:11Z INFO CommandLineParser] parsing argument
[2024-04-14 06:35:11Z INFO CommandLineParser] HasArgs: True
[2024-04-14 06:35:11Z INFO CommandLineParser] Adding option 'url': 'https://github.com/shadreckmtembo/Shopping_cart'
[2024-04-14 06:35:11Z INFO CommandLineParser] parsing argument
[2024-04-14 06:35:11Z INFO CommandLineParser] HasArgs: True
[2024-04-14 06:35:11Z INFO CommandLineParser] arg: token
[2024-04-14 06:35:11Z INFO CommandLineParser] parsing argument
[2024-04-14 06:35:11Z INFO CommandLineParser] HasArgs: True
[2024-04-14 06:35:11Z INFO CommandLineParser] Adding option 'token': '***'
[2024-04-14 06:35:11Z INFO Listener] Arguments parsed
[2024-04-14 06:35:11Z INFO Runner] ExecuteCommand
[2024-04-14 06:35:11Z INFO ConfigurationStore] currentAssemblyLocation: C:\Users\shadr\Documents\VISUAL STUDIO CODE PROJECTS\Shopping_cart\actions-runner\bin\Runner.Listener.dll
[2024-04-14 06:35:11Z INFO HostContext] Well known directory 'Bin': 'C:\Users\shadr\Documents\VISUAL STUDIO CODE PROJECTS\Shopping_cart\actions-runner\bin'
[2024-04-14 06:35:11Z INFO ConfigurationStore] binPath: C:\Users\shadr\Documents\VISUAL STUDIO CODE PROJECTS\Shopping_cart\actions-runner\bin
[2024-04-14 06:35:11Z INFO HostContext] Well known directory 'Bin': 'C:\Users\shadr\Documents\VISUAL STUDIO CODE PROJECTS\Shopping_cart\actions-runner\bin'
[2024-04-14 06:35:11Z INFO HostContext] Well known directory 'Root': 'C:\Users\shadr\Documents\VISUAL STUDIO CODE PROJECTS\Shopping_cart\actions-runner'
[2024-04-14 06:35:11Z INFO ConfigurationStore] RootFolder: C:\Users\shadr\Documents\VISUAL STUDIO CODE PROJECTS\Shopping_cart\actions-runner
[2024-04-14 06:35:11Z INFO HostContext] Well known directory 'Bin': 'C:\Users\shadr\Documents\VISUAL STUDIO CODE PROJECTS\Shopping_cart\actions-runner\bin'
[2024-04-14 06:35:11Z INFO HostContext] Well known directory 'Root': 'C:\Users\shadr\Documents\VISUAL STUDIO CODE PROJECTS\Shopping_cart\actions-runner'
[2024-04-14 06:35:11Z INFO HostContext] Well known config file 'Runner': 'C:\Users\shadr\Documents\VISUAL STUDIO CODE PROJECTS\Shopping_cart\actions-runner\.runner'
[2024-04-14 06:35:11Z INFO ConfigurationStore] ConfigFilePath: C:\Users\shadr\Documents\VISUAL STUDIO CODE PROJECTS\Shopping_cart\actions-runner\.runner
[2024-04-14 06:35:11Z INFO HostContext] Well known directory 'Bin': 'C:\Users\shadr\Documents\VISUAL STUDIO CODE PROJECTS\Shopping_cart\actions-runner\bin'
[2024-04-14 06:35:11Z INFO HostContext] Well known directory 'Root': 'C:\Users\shadr\Documents\VISUAL STUDIO CODE PROJECTS\Shopping_cart\actions-runner'
[2024-04-14 06:35:11Z INFO HostContext] Well known config file 'Credentials': 'C:\Users\shadr\Documents\VISUAL STUDIO CODE PROJECTS\Shopping_cart\actions-runner\.credentials'
[2024-04-14 06:35:11Z INFO ConfigurationStore] CredFilePath: C:\Users\shadr\Documents\VISUAL STUDIO CODE PROJECTS\Shopping_cart\actions-runner\.credentials
[2024-04-14 06:35:11Z INFO HostContext] Well known directory 'Bin': 'C:\Users\shadr\Documents\VISUAL STUDIO CODE PROJECTS\Shopping_cart\actions-runner\bin'
[2024-04-14 06:35:11Z INFO HostContext] Well known directory 'Root': 'C:\Users\shadr\Documents\VISUAL STUDIO CODE PROJECTS\Shopping_cart\actions-runner'
[2024-04-14 06:35:11Z INFO HostContext] Well known config file 'MigratedCredentials': 'C:\Users\shadr\Documents\VISUAL STUDIO CODE PROJECTS\Shopping_cart\actions-runner\.credentials_migrated'
[2024-04-14 06:35:11Z INFO ConfigurationStore] MigratedCredFilePath: C:\Users\shadr\Documents\VISUAL STUDIO CODE PROJECTS\Shopping_cart\actions-runner\.credentials_migrated
[2024-04-14 06:35:11Z INFO HostContext] Well known directory 'Bin': 'C:\Users\shadr\Documents\VISUAL STUDIO CODE PROJECTS\Shopping_cart\actions-runner\bin'
[2024-04-14 06:35:11Z INFO HostContext] Well known directory 'Root': 'C:\Users\shadr\Documents\VISUAL STUDIO CODE PROJECTS\Shopping_cart\actions-runner'
[2024-04-14 06:35:11Z INFO HostContext] Well known config file 'Service': 'C:\Users\shadr\Documents\VISUAL STUDIO CODE PROJECTS\Shopping_cart\actions-runner\.service'
[2024-04-14 06:35:11Z INFO ConfigurationStore] ServiceConfigFilePath: C:\Users\shadr\Documents\VISUAL STUDIO CODE PROJECTS\Shopping_cart\actions-runner\.service
[2024-04-14 06:35:11Z INFO CommandSettings] Flag 'help': 'False'
[2024-04-14 06:35:11Z INFO CommandSettings] Flag 'version': 'False'
[2024-04-14 06:35:11Z INFO CommandSettings] Flag 'commit': 'False'
[2024-04-14 06:35:11Z INFO CommandSettings] Flag 'check': 'False'
[2024-04-14 06:35:11Z INFO CommandSettings] Command 'configure': 'True'
[2024-04-14 06:35:11Z INFO Terminal] WRITE LINE: 
[2024-04-14 06:35:11Z INFO Terminal] WRITE LINE: --------------------------------------------------------------------------------
[2024-04-14 06:35:11Z INFO Terminal] WRITE LINE: |        ____ _ _   _   _       _          _        _   _                      |
[2024-04-14 06:35:11Z INFO Terminal] WRITE LINE: |       / ___(_) |_| | | |_   _| |__      / \   ___| |_(_) ___  _ __  ___      |
[2024-04-14 06:35:11Z INFO Terminal] WRITE LINE: |      | |  _| | __| |_| | | | | '_ \    / _ \ / __| __| |/ _ \| '_ \/ __|     |
[2024-04-14 06:35:11Z INFO Terminal] WRITE LINE: |      | |_| | | |_|  _  | |_| | |_) |  / ___ \ (__| |_| | (_) | | | \__ \     |
[2024-04-14 06:35:11Z INFO Terminal] WRITE LINE: |       \____|_|\__|_| |_|\__,_|_.__/  /_/   \_\___|\__|_|\___/|_| |_|___/     |
[2024-04-14 06:35:11Z INFO Terminal] WRITE LINE: |                                                                              |
[2024-04-14 06:35:11Z INFO Terminal] WRITE: |                       
[2024-04-14 06:35:11Z INFO Terminal] WRITE: Self-hosted runner registration
[2024-04-14 06:35:11Z INFO Terminal] WRITE LINE:                         |
[2024-04-14 06:35:11Z INFO Terminal] WRITE LINE: |                                                                              |
[2024-04-14 06:35:11Z INFO Terminal] WRITE LINE: --------------------------------------------------------------------------------
[2024-04-14 06:35:11Z INFO ConfigurationManager] ConfigureAsync
[2024-04-14 06:35:11Z INFO CommandSettings] Flag 'generateServiceConfig': 'False'
[2024-04-14 06:35:11Z INFO ConfigurationStore] IsConfigured()
[2024-04-14 06:35:11Z INFO ConfigurationStore] IsConfigured: False
[2024-04-14 06:35:11Z INFO ConfigurationManager] Is configured: False
[2024-04-14 06:35:11Z INFO CommandSettings] Arg 'url': 'https://github.com/shadreckmtembo/Shopping_cart'
[2024-04-14 06:35:11Z INFO CommandSettings] Remove url from Arg dictionary.
[2024-04-14 06:35:11Z INFO CommandSettings] Arg 'token': '***'
[2024-04-14 06:35:11Z INFO CommandSettings] Remove token from Arg dictionary.
[2024-04-14 06:35:13Z INFO ConfigurationManager] Http response code: OK from 'POST https://api.github.com/actions/runner-registration' (0722:2E61E0:2EBABBE2:2EF2C127:661B791F)
[2024-04-14 06:35:13Z INFO ConfigurationManager] Using V2 flow: False
[2024-04-14 06:35:13Z INFO ConfigurationManager] cred retrieved via GitHub auth
[2024-04-14 06:35:13Z INFO RunnerServer] EstablishVssConnection
[2024-04-14 06:35:13Z INFO RunnerServer] Establish connection with 100 seconds timeout.
[2024-04-14 06:35:13Z INFO GitHubActionsService] Starting operation Location.GetConnectionData
[2024-04-14 06:35:13Z INFO RunnerServer] EstablishVssConnection
[2024-04-14 06:35:13Z INFO RunnerServer] Establish connection with 60 seconds timeout.
[2024-04-14 06:35:13Z INFO GitHubActionsService] Starting operation Location.GetConnectionData
[2024-04-14 06:35:13Z INFO RunnerServer] EstablishVssConnection
[2024-04-14 06:35:13Z INFO RunnerServer] Establish connection with 60 seconds timeout.
[2024-04-14 06:35:13Z INFO GitHubActionsService] Starting operation Location.GetConnectionData
[2024-04-14 06:35:16Z INFO GitHubActionsService] Finished operation Location.GetConnectionData
[2024-04-14 06:35:16Z INFO GitHubActionsService] Finished operation Location.GetConnectionData
[2024-04-14 06:35:16Z INFO GitHubActionsService] Finished operation Location.GetConnectionData
[2024-04-14 06:35:16Z INFO Terminal] WRITE LINE: 
[2024-04-14 06:35:16Z INFO ConfigurationManager] Test Connection complete.
[2024-04-14 06:35:16Z INFO HostContext] Well known directory 'Bin': 'C:\Users\shadr\Documents\VISUAL STUDIO CODE PROJECTS\Shopping_cart\actions-runner\bin'
[2024-04-14 06:35:16Z INFO HostContext] Well known directory 'Root': 'C:\Users\shadr\Documents\VISUAL STUDIO CODE PROJECTS\Shopping_cart\actions-runner'
[2024-04-14 06:35:16Z INFO HostContext] Well known config file 'RSACredentials': 'C:\Users\shadr\Documents\VISUAL STUDIO CODE PROJECTS\Shopping_cart\actions-runner\.credentials_rsaparams'
[2024-04-14 06:35:16Z INFO RSAEncryptedFileKeyManager] Creating new RSA key using 2048-bit key length
[2024-04-14 06:35:16Z INFO RSAEncryptedFileKeyManager] Successfully saved RSA key parameters to file C:\Users\shadr\Documents\VISUAL STUDIO CODE PROJECTS\Shopping_cart\actions-runner\.credentials_rsaparams
[2024-04-14 06:35:17Z INFO CommandSettings] Arg 'runnergroup': ''
[2024-04-14 06:35:17Z INFO CommandSettings] Flag 'unattended': 'False'
[2024-04-14 06:35:17Z INFO PromptManager] ReadValue
[2024-04-14 06:35:17Z INFO Terminal] WRITE: Enter the name of the runner group to add this runner to: 
[2024-04-14 06:35:17Z INFO Terminal] WRITE: [press Enter for Default] 
[2024-04-14 06:35:17Z INFO Terminal] READ LINE
[2024-04-14 06:35:24Z INFO Terminal] Read value: ''
[2024-04-14 06:35:24Z INFO PromptManager] Falling back to the default: 'Default'
[2024-04-14 06:35:24Z INFO Terminal] WRITE LINE: 
[2024-04-14 06:35:24Z INFO ConfigurationManager] Found a self-hosted runner group with id 1 and name Default
[2024-04-14 06:35:24Z INFO CommandSettings] Flag 'disableupdate': 'False'
[2024-04-14 06:35:24Z INFO CommandSettings] Flag 'ephemeral': 'False'
[2024-04-14 06:35:24Z INFO CommandSettings] Arg 'name': ''
[2024-04-14 06:35:24Z INFO CommandSettings] Flag 'unattended': 'False'
[2024-04-14 06:35:24Z INFO PromptManager] ReadValue
[2024-04-14 06:35:24Z INFO Terminal] WRITE: Enter the name of runner: 
[2024-04-14 06:35:24Z INFO Terminal] WRITE: [press Enter for DESKTOP-JEA76Q9] 
[2024-04-14 06:35:24Z INFO Terminal] READ LINE
[2024-04-14 06:35:48Z INFO Terminal] Read value: 'Build'
[2024-04-14 06:35:48Z INFO Terminal] WRITE LINE: 
[2024-04-14 06:35:48Z INFO CommandSettings] Arg 'labels': ''
[2024-04-14 06:35:48Z INFO CommandSettings] Flag 'unattended': 'False'
[2024-04-14 06:35:48Z INFO PromptManager] ReadValue
[2024-04-14 06:35:48Z INFO Terminal] WRITE: This runner will have the following labels: 'self-hosted', 'Windows', 'X64' 
Enter any additional labels (ex. label-1,label-2): 
[2024-04-14 06:35:48Z INFO Terminal] WRITE: [press Enter to skip] 
[2024-04-14 06:35:48Z INFO Terminal] READ LINE
[2024-04-14 06:35:52Z INFO Terminal] Read value: ''
[2024-04-14 06:35:52Z INFO Terminal] WRITE LINE: 
[2024-04-14 06:35:53Z INFO CommandSettings] Flag 'disableupdate': 'False'
[2024-04-14 06:35:53Z INFO CommandSettings] Flag 'no-default-labels': 'False'
[2024-04-14 06:35:54Z INFO CommandSettings] Flag 'disableupdate': 'False'
[2024-04-14 06:35:54Z INFO CommandSettings] Flag 'ephemeral': 'False'
[2024-04-14 06:35:54Z INFO ConfigurationStore] Saving OAuth credential @ C:\Users\shadr\Documents\VISUAL STUDIO CODE PROJECTS\Shopping_cart\actions-runner\.credentials
[2024-04-14 06:35:54Z INFO ConfigurationStore] Credentials Saved.
[2024-04-14 06:35:54Z INFO ConfigurationStore] HasCredentials()
[2024-04-14 06:35:54Z INFO ConfigurationStore] stored True
[2024-04-14 06:35:54Z INFO CredentialManager] GetCredentialProvider
[2024-04-14 06:35:54Z INFO CredentialManager] Creating type OAuth
[2024-04-14 06:35:54Z INFO CredentialManager] Creating credential type: OAuth
[2024-04-14 06:35:54Z INFO RSAEncryptedFileKeyManager] Loading RSA key parameters from file C:\Users\shadr\Documents\VISUAL STUDIO CODE PROJECTS\Shopping_cart\actions-runner\.credentials_rsaparams
[2024-04-14 06:35:54Z INFO RunnerServer] EstablishVssConnection
[2024-04-14 06:35:54Z INFO RunnerServer] Establish connection with 100 seconds timeout.
[2024-04-14 06:35:54Z INFO GitHubActionsService] Starting operation Location.GetConnectionData
[2024-04-14 06:35:54Z INFO RunnerServer] EstablishVssConnection
[2024-04-14 06:35:54Z INFO RunnerServer] Establish connection with 60 seconds timeout.
[2024-04-14 06:35:54Z INFO GitHubActionsService] Starting operation Location.GetConnectionData
[2024-04-14 06:35:54Z INFO RunnerServer] EstablishVssConnection
[2024-04-14 06:35:54Z INFO RunnerServer] Establish connection with 60 seconds timeout.
[2024-04-14 06:35:54Z INFO GitHubActionsService] Starting operation Location.GetConnectionData
[2024-04-14 06:35:55Z INFO GitHubActionsService] Finished operation Location.GetConnectionData
[2024-04-14 06:35:56Z INFO GitHubActionsService] Finished operation Location.GetConnectionData
[2024-04-14 06:35:56Z INFO GitHubActionsService] Finished operation Location.GetConnectionData
[2024-04-14 06:35:56Z INFO RSAEncryptedFileKeyManager] Loading RSA key parameters from file C:\Users\shadr\Documents\VISUAL STUDIO CODE PROJECTS\Shopping_cart\actions-runner\.credentials_rsaparams
[2024-04-14 06:35:56Z INFO RSAEncryptedFileKeyManager] Loading RSA key parameters from file C:\Users\shadr\Documents\VISUAL STUDIO CODE PROJECTS\Shopping_cart\actions-runner\.credentials_rsaparams
[2024-04-14 06:35:59Z INFO GitHubActionsService] AAD Correlation ID for this token request: Unknown
[2024-04-14 06:35:59Z WARN GitHubActionsService] Retrieving an AAD auth token took a long time (2.3823962 seconds)
[2024-04-14 06:35:59Z INFO CommandSettings] Arg 'work': ''
[2024-04-14 06:35:59Z INFO CommandSettings] Flag 'unattended': 'False'
[2024-04-14 06:35:59Z INFO PromptManager] ReadValue
[2024-04-14 06:35:59Z INFO Terminal] WRITE: Enter name of work folder: 
[2024-04-14 06:35:59Z INFO Terminal] WRITE: [press Enter for _work] 
[2024-04-14 06:35:59Z INFO Terminal] READ LINE
[2024-04-14 06:36:06Z INFO Terminal] Read value: ''
[2024-04-14 06:36:06Z INFO PromptManager] Falling back to the default: '_work'
[2024-04-14 06:36:06Z INFO ConfigurationStore] Saving runner settings.
[2024-04-14 06:36:06Z INFO ConfigurationStore] Settings Saved.
[2024-04-14 06:36:06Z INFO Terminal] WRITE LINE: 
[2024-04-14 06:36:06Z INFO Terminal] WRITE LINE: 
[2024-04-14 06:36:06Z INFO CommandSettings] Flag 'runasservice': 'False'
[2024-04-14 06:36:06Z INFO CommandSettings] Flag 'unattended': 'False'
[2024-04-14 06:36:06Z INFO PromptManager] ReadValue
[2024-04-14 06:36:06Z INFO Terminal] WRITE: Would you like to run the runner as service? (Y/N) 
[2024-04-14 06:36:06Z INFO Terminal] WRITE: [press Enter for N] 
[2024-04-14 06:36:06Z INFO Terminal] READ LINE
[2024-04-14 06:36:12Z INFO Terminal] Read value: 'y'
[2024-04-14 06:36:12Z INFO ConfigurationManager] Configuring to run the agent as service
[2024-04-14 06:36:12Z INFO CommandSettings] Arg 'windowslogonaccount': ''
[2024-04-14 06:36:12Z INFO CommandSettings] Flag 'unattended': 'False'
[2024-04-14 06:36:12Z INFO PromptManager] ReadValue
[2024-04-14 06:36:12Z INFO Terminal] WRITE: User account to use for the service 
[2024-04-14 06:36:12Z INFO Terminal] WRITE: [press Enter for NT AUTHORITY\NETWORK SERVICE] 
[2024-04-14 06:36:12Z INFO Terminal] READ LINE
[2024-04-14 06:36:18Z INFO Terminal] Read value: ''
[2024-04-14 06:36:18Z INFO PromptManager] Falling back to the default: 'NT AUTHORITY\NETWORK SERVICE'
[2024-04-14 06:36:18Z INFO WindowsServiceControlManager] LogonAccount after transforming: NT AUTHORITY\NETWORK SERVICE, user: NETWORK SERVICE, domain: NT AUTHORITY
[2024-04-14 06:36:18Z INFO WindowsServiceControlManager] Service name 'actions.runner.shadreckmtembo-Shopping_cart.Build' display name 'GitHub Actions Runner (shadreckmtembo-Shopping_cart.Build)' will be used for service configuration.
[2024-04-14 06:36:18Z INFO WindowsServiceControlManager] Verifying if the account has LogonAsService permission
[2024-04-14 06:36:18Z INFO NativeWindowsServiceHelper] Successfully grant logon as service privilege to account 'NETWORK SERVICE'
[2024-04-14 06:36:18Z INFO WindowsServiceControlManager] Create local group and grant folder permission to service logon account.
[2024-04-14 06:36:18Z INFO HostContext] Well known directory 'Bin': 'C:\Users\shadr\Documents\VISUAL STUDIO CODE PROJECTS\Shopping_cart\actions-runner\bin'
[2024-04-14 06:36:18Z INFO HostContext] Well known directory 'Root': 'C:\Users\shadr\Documents\VISUAL STUDIO CODE PROJECTS\Shopping_cart\actions-runner'
[2024-04-14 06:36:18Z INFO ConfigurationStore] Read setting file: 307 chars
[2024-04-14 06:36:18Z INFO HostContext] Well known directory 'Bin': 'C:\Users\shadr\Documents\VISUAL STUDIO CODE PROJECTS\Shopping_cart\actions-runner\bin'
[2024-04-14 06:36:18Z INFO HostContext] Well known directory 'Root': 'C:\Users\shadr\Documents\VISUAL STUDIO CODE PROJECTS\Shopping_cart\actions-runner'
[2024-04-14 06:36:18Z INFO HostContext] Well known directory 'Work': 'C:\Users\shadr\Documents\VISUAL STUDIO CODE PROJECTS\Shopping_cart\actions-runner\_work'
[2024-04-14 06:36:18Z INFO HostContext] Well known directory 'Bin': 'C:\Users\shadr\Documents\VISUAL STUDIO CODE PROJECTS\Shopping_cart\actions-runner\bin'
[2024-04-14 06:36:18Z INFO NativeWindowsServiceHelper] Calculated unique group name GITHUB_ActionsRunner_G86c28
[2024-04-14 06:36:18Z INFO NativeWindowsServiceHelper] Trying to create group GITHUB_ActionsRunner_G86c28
[2024-04-14 06:36:18Z INFO NativeWindowsServiceHelper] Local Group 'GITHUB_ActionsRunner_G86c28' created
[2024-04-14 06:36:18Z INFO NativeWindowsServiceHelper] Trying to add userName NT AUTHORITY\NETWORK SERVICE to the group GITHUB_ActionsRunner_G86c28
[2024-04-14 06:36:18Z INFO NativeWindowsServiceHelper] Account 'NT AUTHORITY\NETWORK SERVICE' is added to local group 'GITHUB_ActionsRunner_G86c28'.
[2024-04-14 06:36:18Z INFO NativeWindowsServiceHelper] Set full access control to group for the folder C:\Users\shadr\Documents\VISUAL STUDIO CODE PROJECTS\Shopping_cart\actions-runner
[2024-04-14 06:36:19Z INFO NativeWindowsServiceHelper] Set full access control to group for the folder C:\Users\shadr\Documents\VISUAL STUDIO CODE PROJECTS\Shopping_cart\actions-runner\_work
[2024-04-14 06:36:19Z INFO NativeWindowsServiceHelper] Local group 'GITHUB_ActionsRunner_G86c28' already has full control to path 'C:\Users\shadr\Documents\VISUAL STUDIO CODE PROJECTS\Shopping_cart\actions-runner\_work'.
[2024-04-14 06:36:19Z INFO Terminal] WRITE LINE: Granting file permissions to 'NT AUTHORITY\NETWORK SERVICE'.
[2024-04-14 06:36:19Z INFO HostContext] Well known directory 'Bin': 'C:\Users\shadr\Documents\VISUAL STUDIO CODE PROJECTS\Shopping_cart\actions-runner\bin'
[2024-04-14 06:36:19Z INFO ProcessInvokerWrapper] Starting process:
[2024-04-14 06:36:19Z INFO ProcessInvokerWrapper]   File name: '"C:\Users\shadr\Documents\VISUAL STUDIO CODE PROJECTS\Shopping_cart\actions-runner\bin\RunnerService.exe"'
[2024-04-14 06:36:19Z INFO ProcessInvokerWrapper]   Arguments: 'init'
[2024-04-14 06:36:19Z INFO ProcessInvokerWrapper]   Working directory: ''
[2024-04-14 06:36:19Z INFO ProcessInvokerWrapper]   Require exit code zero: 'True'
[2024-04-14 06:36:19Z INFO ProcessInvokerWrapper]   Encoding web name:  ; code page: ''
[2024-04-14 06:36:19Z INFO ProcessInvokerWrapper]   Force kill process on cancellation: 'False'
[2024-04-14 06:36:19Z INFO ProcessInvokerWrapper]   Redirected STDIN: 'False'
[2024-04-14 06:36:19Z INFO ProcessInvokerWrapper]   Persist current code page: 'False'
[2024-04-14 06:36:19Z INFO ProcessInvokerWrapper]   Keep redirected STDIN open: 'False'
[2024-04-14 06:36:19Z INFO ProcessInvokerWrapper]   High priority process: 'False'
[2024-04-14 06:36:19Z INFO ProcessInvokerWrapper] Process started with process id 17520, waiting for process exit.
[2024-04-14 06:36:19Z INFO ProcessInvokerWrapper] STDOUT/STDERR stream read finished.
[2024-04-14 06:36:19Z INFO ProcessInvokerWrapper] STDOUT/STDERR stream read finished.
[2024-04-14 06:36:19Z INFO ProcessInvokerWrapper] Finished process 17520 with exit code 0, and elapsed time 00:00:00.5421866.
[2024-04-14 06:36:19Z INFO Terminal] WRITE LINE: Service actions.runner.shadreckmtembo-Shopping_cart.Build successfully installed
[2024-04-14 06:36:19Z INFO Terminal] WRITE LINE: Service actions.runner.shadreckmtembo-Shopping_cart.Build successfully set recovery option
[2024-04-14 06:36:19Z INFO Terminal] WRITE LINE: Service actions.runner.shadreckmtembo-Shopping_cart.Build successfully set to delayed auto start
[2024-04-14 06:36:19Z INFO Terminal] WRITE LINE: Service actions.runner.shadreckmtembo-Shopping_cart.Build successfully configured
[2024-04-14 06:36:19Z INFO HostContext] Well known directory 'Bin': 'C:\Users\shadr\Documents\VISUAL STUDIO CODE PROJECTS\Shopping_cart\actions-runner\bin'
[2024-04-14 06:36:19Z INFO HostContext] Well known directory 'Root': 'C:\Users\shadr\Documents\VISUAL STUDIO CODE PROJECTS\Shopping_cart\actions-runner'
[2024-04-14 06:36:19Z INFO HostContext] Well known config file 'Service': 'C:\Users\shadr\Documents\VISUAL STUDIO CODE PROJECTS\Shopping_cart\actions-runner\.service'
[2024-04-14 06:36:19Z INFO WindowsServiceControlManager] Configuration was successful, trying to start the service
[2024-04-14 06:36:19Z INFO Terminal] WRITE LINE: Waiting for service to start...
[2024-04-14 06:36:20Z INFO Terminal] WRITE LINE: Service actions.runner.shadreckmtembo-Shopping_cart.Build started successfully
[2024-04-14 06:36:20Z INFO Listener] Runner execution has finished with return code 0
